2020-07-07 11:18:03,036 :INFO :test_loginSubmission :Email or Mobile no is0771395023
2020-07-07 11:19:44,139 :INFO :test_loginSubmission :Email or Mobile no is0771395023
2020-07-07 12:08:21,067 :INFO :test_loginSubmission :Email or Mobile no is0771395023
2020-07-07 14:18:44,087 :INFO :test_loginSubmission :Email or Mobile no is0771395023
2020-07-07 16:57:03,932 :INFO :test_loginSubmission :Email or Mobile no is0771395023
2020-07-07 16:57:04,182 :INFO :test_loginSubmission :Password isSnoopy@18
2020-07-07 16:57:05,337 :INFO :test_loginSubmission :text received from Logout button isLog Out
2020-07-07 19:47:28,305 :INFO :test_loginSubmission :Email or Mobile no is0771395023
2020-07-07 19:47:28,553 :INFO :test_loginSubmission :Password isSnoopy@18
2020-07-07 19:47:29,784 :INFO :test_loginSubmission :text received from Logout button isLog Out
2020-07-08 12:46:17,789 :INFO :test_loginSubmission :Email or Mobile no is0771395023
2020-07-08 12:46:18,008 :INFO :test_loginSubmission :Password isSnoopy@18
2020-07-08 12:46:20,120 :INFO :test_loginSubmission :text received from Logout button isLog Out
2020-07-09 10:04:28,989 :INFO :test_loginSubmission :Email or Mobile no is0771395023
2020-07-09 10:04:29,121 :INFO :test_loginSubmission :Password isSnoopy@18
2020-07-09 10:04:30,085 :INFO :test_loginSubmission :text received from Logout button isLog Out
2020-07-09 10:06:02,130 :INFO :test_loginSubmission :Email or Mobile no is0771395023
2020-07-09 10:06:02,240 :INFO :test_loginSubmission :Password isSnoopy@18
2020-07-09 10:06:03,006 :INFO :test_loginSubmission :text received from Logout button isLog Out
2020-07-09 10:09:06,304 :INFO :test_loginSubmission :Email or Mobile no is0771395023
2020-07-09 10:09:06,417 :INFO :test_loginSubmission :Password isSnoopy@18
2020-07-09 10:09:07,181 :INFO :test_loginSubmission :text received from Logout button isLog Out
2020-07-09 10:15:46,011 :INFO :test_loginSubmission :Email or Mobile no is0771395023
2020-07-09 10:15:46,133 :INFO :test_loginSubmission :Password isSnoopy@18
2020-07-09 10:15:47,010 :INFO :test_loginSubmission :text received from Logout button isLog Out
2020-07-09 10:22:28,859 :INFO :test_loginSubmission :Email or Mobile no is0771395023
2020-07-09 10:22:29,055 :INFO :test_loginSubmission :Password isSnoopy@18
2020-07-09 10:22:29,996 :INFO :test_loginSubmission :text received from Logout button isLog Out
2020-07-09 10:23:48,342 :INFO :test_loginSubmission :Email or Mobile no is0771395023
2020-07-09 10:23:48,456 :INFO :test_loginSubmission :Password isSnoopy@18
2020-07-09 10:23:49,381 :INFO :test_loginSubmission :text received from Logout button isLog Out
2020-07-09 10:29:05,184 :INFO :test_loginSubmission :Email or Mobile no is0771395023
2020-07-09 10:29:05,292 :INFO :test_loginSubmission :Password isSnoopy@18
2020-07-09 10:29:06,240 :INFO :test_loginSubmission :text received from Logout button isLog Out
2020-07-09 10:35:33,838 :INFO :test_loginSubmission :Email or Mobile no is0771395023
2020-07-09 10:35:33,959 :INFO :test_loginSubmission :Password isSnoopy@18
2020-07-09 10:35:35,286 :INFO :test_loginSubmission :text received from Logout button isLog Out
2020-07-09 10:36:27,088 :INFO :test_loginSubmission :Email or Mobile no is0771395023
2020-07-09 10:36:27,198 :INFO :test_loginSubmission :Password isSnoopy@18
2020-07-09 10:36:27,964 :INFO :test_loginSubmission :text received from Logout button isLog Out
2020-07-09 10:37:35,382 :INFO :test_loginSubmission :Email or Mobile no is0771395023
2020-07-09 10:37:35,497 :INFO :test_loginSubmission :Password isSnoopy@18
2020-07-09 10:37:36,359 :INFO :test_loginSubmission :text received from Logout button isLog Out
2020-07-09 10:38:55,574 :INFO :test_loginSubmission :Email or Mobile no is0771395023
2020-07-09 10:38:55,996 :INFO :test_loginSubmission :Password isSnoopy@18
2020-07-09 10:38:57,305 :INFO :test_loginSubmission :text received from Logout button isLog Out
2020-07-09 10:46:33,707 :INFO :test_loginSubmission :Email or Mobile no is0771395023
2020-07-09 10:46:33,819 :INFO :test_loginSubmission :Password isSnoopy@18
2020-07-09 10:46:34,583 :INFO :test_loginSubmission :text received from Logout button isLog Out
2020-07-09 11:10:55,450 :INFO :test_loginSubmission :Email or Mobile no is0771395023
2020-07-09 11:10:55,651 :INFO :test_loginSubmission :Password isSnoopy@18
2020-07-09 11:10:56,710 :INFO :test_loginSubmission :text received from Logout button isLog Out
2020-07-09 11:45:19,841 :INFO :test_loginSubmission :Email or Mobile no is0771395023
2020-07-09 11:45:19,954 :INFO :test_loginSubmission :Password isSnoopy@18
2020-07-09 11:45:20,889 :INFO :test_loginSubmission :text received from Logout button isLog Out
2020-07-09 12:03:37,721 :INFO :test_loginSubmission :Email or Mobile no is0771395023
2020-07-09 12:03:37,835 :INFO :test_loginSubmission :Password isSnoopy@18
2020-07-09 12:03:38,607 :INFO :test_loginSubmission :text received from Logout button isLog Out
2020-07-09 13:30:21,007 :INFO :test_loginSubmission :Email or Mobile no is0771395023
2020-07-09 13:30:21,117 :INFO :test_loginSubmission :Password isSnoopy@18
2020-07-09 13:30:22,107 :INFO :test_loginSubmission :text received from Logout button isLog Out
2020-07-09 13:32:17,616 :INFO :test_loginSubmission :Email or Mobile no is0771395023
2020-07-09 13:32:17,741 :INFO :test_loginSubmission :Password isSnoopy@18
2020-07-09 13:32:18,526 :INFO :test_loginSubmission :text received from Logout button isLog Out
2020-07-09 13:57:29,573 :INFO :test_loginSubmission :Email or Mobile no is0771395023
2020-07-09 13:57:29,686 :INFO :test_loginSubmission :Password isSnoopy@18
2020-07-09 13:57:31,021 :INFO :test_loginSubmission :text received from Logout button isLog Out
2020-07-09 13:59:18,793 :INFO :test_loginSubmission :Email or Mobile no is0771395023
2020-07-09 13:59:18,906 :INFO :test_loginSubmission :Password isSnoopy@18
2020-07-09 13:59:19,706 :INFO :test_loginSubmission :text received from Logout button isLog Out
2020-07-09 14:18:08,348 :INFO :test_loginSubmission :Email or Mobile no is0771395023
2020-07-09 14:18:08,452 :INFO :test_loginSubmission :Password isSnoopy@18
2020-07-09 14:18:09,260 :INFO :test_loginSubmission :text received from Logout button isLog Out
2020-07-09 14:20:06,325 :INFO :test_loginSubmission :Email or Mobile no is0771395023
2020-07-09 14:20:06,443 :INFO :test_loginSubmission :Password isSnoopy@18
2020-07-09 14:20:07,587 :INFO :test_loginSubmission :text received from Logout button isLog Out
2020-07-09 14:58:47,375 :INFO :test_loginSubmission :Email or Mobile no is0771395023
2020-07-09 14:58:47,506 :INFO :test_loginSubmission :Password isSnoopy@18
2020-07-09 14:58:48,321 :INFO :test_loginSubmission :text received from Logout button isLog Out
2020-07-09 15:01:41,099 :INFO :test_loginSubmission :Email or Mobile no is0771395023
2020-07-09 15:01:41,212 :INFO :test_loginSubmission :Password isSnoopy@18
2020-07-09 15:01:42,562 :INFO :test_loginSubmission :text received from Logout button isLog Out
2020-07-09 15:01:56,006 :INFO :test_logoutSubmission :text received from Login button isLogin | Signup
2020-07-09 15:04:05,023 :INFO :test_loginSubmission :Email or Mobile no is0771395023
2020-07-09 15:04:05,145 :INFO :test_loginSubmission :Password isSnoopy@18
2020-07-09 15:04:06,045 :INFO :test_loginSubmission :text received from Logout button isLog Out
2020-07-09 15:05:11,054 :INFO :test_loginSubmission :Email or Mobile no is0771395023
2020-07-09 15:05:11,166 :INFO :test_loginSubmission :Password isSnoopy@18
2020-07-09 15:05:13,225 :INFO :test_loginSubmission :text received from Logout button isLog Out
2020-07-09 15:06:41,646 :INFO :test_loginSubmission :Email or Mobile no is0771395023
2020-07-09 15:06:41,756 :INFO :test_loginSubmission :Password isSnoopy@18
2020-07-09 15:06:43,663 :INFO :test_loginSubmission :text received from Logout button isLog Out
2020-07-09 15:13:00,477 :INFO :test_loginSubmission :Email or Mobile no is0771395023
2020-07-09 15:13:00,636 :INFO :test_loginSubmission :Password isSnoopy@18
2020-07-09 15:13:02,523 :INFO :test_loginSubmission :text received from Logout button isLog Out
2020-07-09 15:15:21,524 :INFO :test_loginSubmission :Email or Mobile no is0771395023
2020-07-09 15:15:21,671 :INFO :test_loginSubmission :Password isSnoopy@18
2020-07-09 15:15:25,840 :INFO :test_loginSubmission :text received from Logout button isLog Out
2020-07-09 15:17:57,511 :INFO :test_loginSubmission :Email or Mobile no is0771395023
2020-07-09 15:17:57,634 :INFO :test_loginSubmission :Password isSnoopy@18
2020-07-09 15:18:01,929 :INFO :test_loginSubmission :text received from Logout button isLog Out
2020-07-09 15:21:05,263 :INFO :test_loginSubmission :Email or Mobile no is0771395023
2020-07-09 15:21:05,404 :INFO :test_loginSubmission :Password isSnoopy@18
2020-07-09 15:21:06,911 :INFO :test_loginSubmission :text received from Logout button isLog Out
2020-07-09 15:22:57,379 :INFO :test_loginSubmission :Email or Mobile no is0771395023
2020-07-09 15:22:57,519 :INFO :test_loginSubmission :Password isSnoopy@18
2020-07-09 15:22:58,303 :INFO :test_loginSubmission :text received from Logout button isLog Out
2020-07-09 15:23:04,539 :INFO :test_logoutSubmission :text received from Login button isLogin | Signup
2020-07-09 15:36:33,484 :INFO :test_loginSubmission :Email or Mobile no is0771395023
2020-07-09 15:36:33,856 :INFO :test_loginSubmission :Password isSnoopy@18
2020-07-09 15:36:38,428 :INFO :test_loginSubmission :text received from Logout button isLog Out
2020-07-09 15:38:27,246 :INFO :test_loginSubmission :Email or Mobile no is0771395023
2020-07-09 15:38:27,363 :INFO :test_loginSubmission :Password isSnoopy@18
2020-07-09 15:38:31,468 :INFO :test_loginSubmission :text received from Logout button isLog Out
2020-07-09 15:39:28,336 :INFO :test_loginSubmission :Email or Mobile no is0771395023
2020-07-09 15:39:28,454 :INFO :test_loginSubmission :Password isSnoopy@18
2020-07-09 15:39:29,255 :INFO :test_loginSubmission :text received from Logout button isLog Out
2020-07-09 15:39:37,227 :INFO :test_logoutSubmission :text received from Login button isLogin | Signup
2020-07-09 15:43:53,711 :INFO :test_loginSubmission :Email or Mobile no is0771395023
2020-07-09 15:43:53,823 :INFO :test_loginSubmission :Password isSnoopy@18
2020-07-09 15:43:54,713 :INFO :test_loginSubmission :text received from Logout button isLog Out
2020-07-09 15:44:03,501 :INFO :test_logoutSubmission :text received from Login button isLogin | Signup
2020-07-09 15:49:42,392 :INFO :test_loginSubmission :Email or Mobile no is0771395023
2020-07-09 15:49:42,519 :INFO :test_loginSubmission :Password isSnoopy@18
2020-07-09 15:49:43,309 :INFO :test_loginSubmission :text received from Logout button isLog Out
2020-07-09 15:50:38,666 :INFO :test_loginSubmission :Email or Mobile no is0771395023
2020-07-09 15:50:38,795 :INFO :test_loginSubmission :Password isSnoopy@18
2020-07-09 15:50:39,560 :INFO :test_loginSubmission :text received from Logout button isLog Out
2020-07-09 15:51:38,050 :INFO :test_loginSubmission :Email or Mobile no is0771395023
2020-07-09 15:51:38,168 :INFO :test_loginSubmission :Password isSnoopy@18
2020-07-09 15:51:38,946 :INFO :test_loginSubmission :text received from Logout button isLog Out
2020-07-09 15:53:09,270 :INFO :test_loginSubmission :Email or Mobile no is0771395023
2020-07-09 15:53:09,394 :INFO :test_loginSubmission :Password isSnoopy@18
2020-07-09 15:53:10,508 :INFO :test_loginSubmission :text received from Logout button isLog Out
2020-07-09 15:55:22,673 :INFO :test_loginSubmission :Email or Mobile no is0771395023
2020-07-09 15:55:22,787 :INFO :test_loginSubmission :Password isSnoopy@18
2020-07-09 15:55:23,483 :INFO :test_loginSubmission :text received from Logout button isLog Out
2020-07-09 15:55:29,811 :INFO :test_logoutSubmission :text received from Login button isLogin | Signup
2020-07-09 15:56:21,220 :INFO :test_loginSubmission :Email or Mobile no is0771395023
2020-07-09 15:56:21,343 :INFO :test_loginSubmission :Password isSnoopy@18
2020-07-09 15:56:22,130 :INFO :test_loginSubmission :text received from Logout button isLog Out
2020-07-09 15:56:28,805 :INFO :test_logoutSubmission :text received from Login button isLogin | Signup
2020-07-09 15:57:01,183 :INFO :test_loginSubmission :Email or Mobile no is0771395023
2020-07-09 15:57:01,300 :INFO :test_loginSubmission :Password isSnoopy@18
2020-07-09 15:57:02,087 :INFO :test_loginSubmission :text received from Logout button isLog Out
2020-07-09 15:57:51,405 :INFO :test_loginSubmission :Email or Mobile no is0771395023
2020-07-09 15:57:51,521 :INFO :test_loginSubmission :Password isSnoopy@18
2020-07-09 15:57:52,305 :INFO :test_loginSubmission :text received from Logout button isLog Out
2020-07-09 15:57:59,082 :INFO :test_logoutSubmission :text received from Login button isLogin | Signup
2020-07-09 16:42:50,336 :INFO :test_loginSubmission :Email or Mobile no is0771395023
2020-07-09 16:42:50,468 :INFO :test_loginSubmission :Password isSnoopy@18
2020-07-09 16:42:51,236 :INFO :test_loginSubmission :text received from Logout button isLog Out
2020-07-09 16:44:56,432 :INFO :test_loginSubmission :Email or Mobile no is0771395023
2020-07-09 16:44:56,561 :INFO :test_loginSubmission :Password isSnoopy@18
2020-07-09 16:44:57,885 :INFO :test_loginSubmission :text received from Logout button isLog Out
2020-07-09 16:47:02,162 :INFO :test_loginSubmission :Email or Mobile no is0771395023
2020-07-09 16:47:02,281 :INFO :test_loginSubmission :Password isSnoopy@18
2020-07-09 16:47:03,295 :INFO :test_loginSubmission :text received from Logout button isLog Out
2020-07-09 16:48:40,732 :INFO :test_loginSubmission :Email or Mobile no is0771395023
2020-07-09 16:48:40,848 :INFO :test_loginSubmission :Password isSnoopy@18
2020-07-09 16:48:41,609 :INFO :test_loginSubmission :text received from Logout button isLog Out
2020-07-09 16:49:20,216 :INFO :test_loginSubmission :Email or Mobile no is0771395023
2020-07-09 16:49:20,333 :INFO :test_loginSubmission :Password isSnoopy@18
2020-07-09 16:49:21,051 :INFO :test_loginSubmission :text received from Logout button isLog Out
2020-07-09 16:49:26,902 :INFO :test_logoutSubmission :text received from Login button isLogin | Signup
2020-07-09 16:50:34,792 :INFO :test_loginSubmission :Email or Mobile no is0771395023
2020-07-09 16:50:34,930 :INFO :test_loginSubmission :Password isSnoopy@18
2020-07-09 16:50:35,756 :INFO :test_loginSubmission :text received from Logout button isLog Out
2020-07-09 16:50:41,035 :INFO :test_logoutSubmission :text received from Login button isLogin | Signup
2020-07-09 17:07:41,406 :INFO :test_loginSubmission :Email or Mobile no is0771395023
2020-07-09 17:07:41,524 :INFO :test_loginSubmission :Password isSnoopy@18
2020-07-09 17:07:42,601 :INFO :test_loginSubmission :text received from Logout button isLog Out
2020-07-09 17:07:49,262 :INFO :test_logoutSubmission :text received from Login button isLogin | Signup
2020-07-09 17:19:17,533 :INFO :test_loginSubmission :Email or Mobile no is0771395023
2020-07-09 17:19:17,660 :INFO :test_loginSubmission :Password isSnoopy@18
2020-07-09 17:19:18,344 :INFO :test_loginSubmission :text received from Logout button isLog Out
2020-07-09 17:19:26,088 :INFO :test_logoutSubmission :text received from Login button isLogin | Signup
2020-07-09 17:22:34,750 :INFO :test_loginSubmission :Email or Mobile no is0771395023
2020-07-09 17:22:34,876 :INFO :test_loginSubmission :Password isSnoopy@18
2020-07-09 17:22:35,833 :INFO :test_loginSubmission :text received from Logout button isLog Out
2020-07-09 17:22:42,941 :INFO :test_logoutSubmission :text received from Login button isLogin | Signup
2020-07-09 17:37:26,554 :INFO :test_loginSubmission :Email or Mobile no is0771395023
2020-07-09 17:37:26,724 :INFO :test_loginSubmission :Password isSnoopy@18
2020-07-09 17:37:27,790 :INFO :test_loginSubmission :text received from Logout button isLog Out
2020-07-09 17:37:34,607 :INFO :test_logoutSubmission :text received from Login button isLogin | Signup
2020-07-09 17:39:11,854 :INFO :test_loginSubmission :Email or Mobile no is0771395023
2020-07-09 17:39:11,970 :INFO :test_loginSubmission :Password isSnoopy@18
2020-07-09 17:39:12,890 :INFO :test_loginSubmission :text received from Logout button isLog Out
2020-07-09 17:39:19,186 :INFO :test_logoutSubmission :text received from Login button isLogin | Signup
2020-07-09 17:41:01,377 :INFO :test_loginSubmission :Email or Mobile no is0771395023
2020-07-09 17:41:01,487 :INFO :test_loginSubmission :Password isSnoopy@18
2020-07-09 17:41:04,610 :INFO :test_loginSubmission :text received from Logout button isLog Out
2020-07-09 17:41:17,103 :INFO :test_logoutSubmission :text received from Login button isLogin | Signup
2020-07-10 10:09:02,728 :INFO :test_loginSubmission :Email or Mobile no is0771395023
2020-07-10 10:09:02,850 :INFO :test_loginSubmission :Password isSnoopy@18
2020-07-10 10:09:03,660 :INFO :test_loginSubmission :text received from Logout button isLog Out
2020-07-10 10:09:09,373 :INFO :test_logoutSubmission :text received from Login button isLogin | Signup
2020-07-10 10:10:16,118 :INFO :test_loginSubmission :Email or Mobile no is0771395023
2020-07-10 10:10:16,256 :INFO :test_loginSubmission :Password isSnoopy@18
2020-07-10 10:10:17,089 :INFO :test_loginSubmission :text received from Logout button isLog Out
2020-07-10 10:22:49,777 :INFO :test_loginSubmission :Email or Mobile no is0771395023
2020-07-10 10:22:49,899 :INFO :test_loginSubmission :Password isSnoopy@18
2020-07-10 10:22:50,625 :INFO :test_loginSubmission :text received from Logout button isLog Out
2020-07-10 10:23:45,508 :INFO :test_loginSubmission :Email or Mobile no is0771395023
2020-07-10 10:23:45,618 :INFO :test_loginSubmission :Password isSnoopy@18
2020-07-10 10:23:46,572 :INFO :test_loginSubmission :text received from Logout button isLog Out
2020-07-10 10:24:16,233 :INFO :test_loginSubmission :Email or Mobile no is0771395023
2020-07-10 10:24:16,357 :INFO :test_loginSubmission :Password isSnoopy@18
2020-07-10 10:24:17,173 :INFO :test_loginSubmission :text received from Logout button isLog Out
2020-07-10 10:25:14,319 :INFO :test_loginSubmission :Email or Mobile no is0771395023
2020-07-10 10:25:14,441 :INFO :test_loginSubmission :Password isSnoopy@18
2020-07-10 10:25:15,119 :INFO :test_loginSubmission :text received from Logout button isLog Out
2020-07-10 10:26:36,991 :INFO :test_loginSubmission :Email or Mobile no is0771395023
2020-07-10 10:26:37,106 :INFO :test_loginSubmission :Password isSnoopy@18
2020-07-10 10:26:38,095 :INFO :test_loginSubmission :text received from Logout button isLog Out
2020-07-10 10:32:53,413 :INFO :test_loginSubmission :Email or Mobile no is0771395023
2020-07-10 10:32:53,529 :INFO :test_loginSubmission :Password isSnoopy@18
2020-07-10 10:32:54,218 :INFO :test_loginSubmission :text received from Logout button isLog Out
2020-07-10 10:33:01,260 :INFO :test_logoutSubmission :text received from Login button isLogin | Signup
2020-07-10 10:39:44,730 :INFO :test_loginSubmission :Email or Mobile no is0771395023
2020-07-10 10:39:44,844 :INFO :test_loginSubmission :Password isSnoopy@18
2020-07-10 10:39:45,790 :INFO :test_loginSubmission :text received from Logout button isLog Out
2020-07-10 10:41:36,680 :INFO :test_loginSubmission :Email or Mobile no is0771395023
2020-07-10 10:41:36,810 :INFO :test_loginSubmission :Password isSnoopy@18
2020-07-10 10:41:37,795 :INFO :test_loginSubmission :text received from Logout button isLog Out
2020-07-10 10:41:44,665 :INFO :test_logoutSubmission :text received from Login button isLogin | Signup
2020-07-10 10:43:31,294 :INFO :test_loginSubmission :Email or Mobile no is0771395023
2020-07-10 10:43:31,399 :INFO :test_loginSubmission :Password isSnoopy@18
2020-07-10 10:43:32,122 :INFO :test_loginSubmission :text received from Logout button isLog Out
2020-07-10 10:43:39,011 :INFO :test_logoutSubmission :text received from Login button isLogin | Signup
2020-07-10 14:44:23,174 :INFO :test_SearchProducts :Product Link Test Found: Ambewela Fresh Milk - 1L
2020-07-10 14:44:23,204 :INFO :test_SearchProducts :Product Link Test Found: Anchor Full Cream Milk Powder - 1kg
2020-07-10 14:44:23,227 :INFO :test_SearchProducts :Product Link Test Found: Ariya Full Cream Milk Powder (Pouch) - 400g
2020-07-10 14:44:23,247 :INFO :test_SearchProducts :Product Link Test Found: Bonlac Skimmed Milk - 400g
2020-07-10 14:44:23,268 :INFO :test_SearchProducts :Product Link Test Found: Cerelac - Mixed Fruit with Milk - 250g
2020-07-10 14:44:23,288 :INFO :test_SearchProducts :Product Link Test Found: Cerelac - Red Rice with Milk - 250g
2020-07-10 14:44:23,309 :INFO :test_SearchProducts :Product Link Test Found: Highland Full Cream Milk Powder - 400g
2020-07-10 14:44:23,330 :INFO :test_SearchProducts :Product Link Test Found: Kotmale Full Cream Fresh Milk - 1L
2020-07-10 14:44:23,351 :INFO :test_SearchProducts :Product Link Test Found: LSL Full Cream Milk Powder - Welfare Pouch - 1Kg
2020-07-10 14:44:23,372 :INFO :test_SearchProducts :Product Link Test Found: LSL Full Cream Milk Powder Welfare Pouch - 400g
2020-07-10 14:44:23,396 :INFO :test_SearchProducts :Product Link Test Found: Lactogrow Growing Up Milk Formula - 350g
2020-07-10 14:44:23,416 :INFO :test_SearchProducts :Product Link Test Found: Maggi Coconut Milk Powder - 300g
2020-07-10 14:44:23,438 :INFO :test_SearchProducts :Product Link Test Found: Maliban Full Cream Milk Powder - Welfare Pack - 1kg
2020-07-10 14:44:23,459 :INFO :test_SearchProducts :Product Link Test Found: Maliban Full Cream Milk Powder -Welfare Pack - 400g
2020-07-10 14:44:23,478 :INFO :test_SearchProducts :Product Link Test Found: Marina Coconut Milk - 400ml
2020-07-10 14:44:43,791 :INFO :test_loginSubmission :Email or Mobile no is0771395023
2020-07-10 14:44:43,930 :INFO :test_loginSubmission :Password isSnoopy@18
2020-07-10 14:44:44,855 :INFO :test_loginSubmission :text received from Logout button isLog Out
2020-07-10 14:44:52,685 :INFO :test_logoutSubmission :text received from Login button isLogin | Signup
2020-07-10 14:45:33,142 :INFO :test_SearchProducts :Product Link Test Found: Ambewela Fresh Milk - 1L
2020-07-10 14:45:33,162 :INFO :test_SearchProducts :Product Link Test Found: Anchor Full Cream Milk Powder - 1kg
2020-07-10 14:45:33,183 :INFO :test_SearchProducts :Product Link Test Found: Ariya Full Cream Milk Powder (Pouch) - 400g
2020-07-10 14:45:33,206 :INFO :test_SearchProducts :Product Link Test Found: Bonlac Skimmed Milk - 400g
2020-07-10 14:45:33,228 :INFO :test_SearchProducts :Product Link Test Found: Cerelac - Mixed Fruit with Milk - 250g
2020-07-10 14:45:33,249 :INFO :test_SearchProducts :Product Link Test Found: Cerelac - Red Rice with Milk - 250g
2020-07-10 14:45:33,269 :INFO :test_SearchProducts :Product Link Test Found: Highland Full Cream Milk Powder - 400g
2020-07-10 14:45:33,288 :INFO :test_SearchProducts :Product Link Test Found: Kotmale Full Cream Fresh Milk - 1L
2020-07-10 14:45:33,310 :INFO :test_SearchProducts :Product Link Test Found: LSL Full Cream Milk Powder - Welfare Pouch - 1Kg
2020-07-10 14:45:33,329 :INFO :test_SearchProducts :Product Link Test Found: LSL Full Cream Milk Powder Welfare Pouch - 400g
2020-07-10 14:45:33,350 :INFO :test_SearchProducts :Product Link Test Found: Lactogrow Growing Up Milk Formula - 350g
2020-07-10 14:45:33,370 :INFO :test_SearchProducts :Product Link Test Found: Maggi Coconut Milk Powder - 300g
2020-07-10 14:45:33,388 :INFO :test_SearchProducts :Product Link Test Found: Maliban Full Cream Milk Powder - Welfare Pack - 1kg
2020-07-10 14:45:33,407 :INFO :test_SearchProducts :Product Link Test Found: Maliban Full Cream Milk Powder -Welfare Pack - 400g
2020-07-10 14:45:33,427 :INFO :test_SearchProducts :Product Link Test Found: Marina Coconut Milk - 400ml
2020-07-10 14:45:47,384 :INFO :test_loginSubmission :Email or Mobile no is0771395023
2020-07-10 14:45:47,503 :INFO :test_loginSubmission :Password isSnoopy@18
2020-07-10 14:45:48,249 :INFO :test_loginSubmission :text received from Logout button isLog Out
2020-07-10 14:45:59,520 :INFO :test_logoutSubmission :text received from Login button isLogin | Signup
2020-07-10 14:47:01,894 :INFO :test_loginSubmission :Email or Mobile no is0771395023
2020-07-10 14:47:02,017 :INFO :test_loginSubmission :Password isSnoopy@18
2020-07-10 14:47:02,780 :INFO :test_loginSubmission :text received from Logout button isLog Out
2020-07-10 14:47:25,095 :INFO :test_SearchProducts :Product Link Test Found: Ambewela Fresh Milk - 1L
2020-07-10 14:47:25,120 :INFO :test_SearchProducts :Product Link Test Found: Anchor Full Cream Milk Powder - 1kg
2020-07-10 14:47:25,140 :INFO :test_SearchProducts :Product Link Test Found: Ariya Full Cream Milk Powder (Pouch) - 400g
2020-07-10 14:47:25,161 :INFO :test_SearchProducts :Product Link Test Found: Bonlac Skimmed Milk - 400g
2020-07-10 14:47:25,181 :INFO :test_SearchProducts :Product Link Test Found: Cerelac - Mixed Fruit with Milk - 250g
2020-07-10 14:47:25,201 :INFO :test_SearchProducts :Product Link Test Found: Cerelac - Red Rice with Milk - 250g
2020-07-10 14:47:25,222 :INFO :test_SearchProducts :Product Link Test Found: Highland Full Cream Milk Powder - 400g
2020-07-10 14:47:25,246 :INFO :test_SearchProducts :Product Link Test Found: Kotmale Full Cream Fresh Milk - 1L
2020-07-10 14:47:25,266 :INFO :test_SearchProducts :Product Link Test Found: LSL Full Cream Milk Powder - Welfare Pouch - 1Kg
2020-07-10 14:47:25,321 :INFO :test_SearchProducts :Product Link Test Found: LSL Full Cream Milk Powder Welfare Pouch - 400g
2020-07-10 14:47:25,372 :INFO :test_SearchProducts :Product Link Test Found: Lactogrow Growing Up Milk Formula - 350g
2020-07-10 14:47:25,423 :INFO :test_SearchProducts :Product Link Test Found: Maggi Coconut Milk Powder - 300g
2020-07-10 14:47:25,470 :INFO :test_SearchProducts :Product Link Test Found: Maliban Full Cream Milk Powder - Welfare Pack - 1kg
2020-07-10 14:47:25,491 :INFO :test_SearchProducts :Product Link Test Found: Maliban Full Cream Milk Powder -Welfare Pack - 400g
2020-07-10 14:47:25,510 :INFO :test_SearchProducts :Product Link Test Found: Marina Coconut Milk - 400ml
2020-07-10 14:48:49,834 :INFO :test_loginSubmission :Email or Mobile no is0771395023
2020-07-10 14:48:49,970 :INFO :test_loginSubmission :Password isSnoopy@18
2020-07-10 14:48:50,821 :INFO :test_loginSubmission :text received from Logout button isLog Out
2020-07-10 14:48:58,309 :INFO :test_logoutSubmission :text received from Login button isLogin | Signup
2020-07-10 14:51:34,870 :INFO :test_loginSubmission :Email or Mobile no is0771395023
2020-07-10 14:51:35,006 :INFO :test_loginSubmission :Password isSnoopy@18
2020-07-10 14:51:35,906 :INFO :test_loginSubmission :text received from Logout button isLog Out
2020-07-10 14:56:15,957 :INFO :test_loginSubmission :Email or Mobile no is0771395023
2020-07-10 14:56:16,077 :INFO :test_loginSubmission :Password isSnoopy@18
2020-07-10 14:56:17,251 :INFO :test_loginSubmission :text received from Logout button isLog Out
2020-07-10 14:56:26,240 :INFO :test_logoutSubmission :text received from Login button isLogin | Signup
2020-07-10 14:56:58,138 :INFO :test_SearchProducts :Product Link Test Found: Ambewela Fresh Milk - 1L
2020-07-10 14:56:58,159 :INFO :test_SearchProducts :Product Link Test Found: Anchor Full Cream Milk Powder - 1kg
2020-07-10 14:56:58,180 :INFO :test_SearchProducts :Product Link Test Found: Ariya Full Cream Milk Powder (Pouch) - 400g
2020-07-10 14:56:58,201 :INFO :test_SearchProducts :Product Link Test Found: Bonlac Skimmed Milk - 400g
2020-07-10 14:56:58,221 :INFO :test_SearchProducts :Product Link Test Found: Cerelac - Mixed Fruit with Milk - 250g
2020-07-10 14:56:58,247 :INFO :test_SearchProducts :Product Link Test Found: Cerelac - Red Rice with Milk - 250g
2020-07-10 14:56:58,266 :INFO :test_SearchProducts :Product Link Test Found: Highland Full Cream Milk Powder - 400g
2020-07-10 14:56:58,287 :INFO :test_SearchProducts :Product Link Test Found: Kotmale Full Cream Fresh Milk - 1L
2020-07-10 14:56:58,308 :INFO :test_SearchProducts :Product Link Test Found: LSL Full Cream Milk Powder - Welfare Pouch - 1Kg
2020-07-10 14:56:58,328 :INFO :test_SearchProducts :Product Link Test Found: LSL Full Cream Milk Powder Welfare Pouch - 400g
2020-07-10 14:56:58,349 :INFO :test_SearchProducts :Product Link Test Found: Lactogrow Growing Up Milk Formula - 350g
2020-07-10 14:56:58,370 :INFO :test_SearchProducts :Product Link Test Found: Maggi Coconut Milk Powder - 300g
2020-07-10 14:56:58,391 :INFO :test_SearchProducts :Product Link Test Found: Maliban Full Cream Milk Powder - Welfare Pack - 1kg
2020-07-10 14:56:58,413 :INFO :test_SearchProducts :Product Link Test Found: Maliban Full Cream Milk Powder -Welfare Pack - 400g
2020-07-10 14:56:58,433 :INFO :test_SearchProducts :Product Link Test Found: Marina Coconut Milk - 400ml
2020-07-10 14:57:16,266 :INFO :test_loginSubmission :Email or Mobile no is0771395023
2020-07-10 14:57:16,387 :INFO :test_loginSubmission :Password isSnoopy@18
2020-07-10 14:57:17,961 :INFO :test_loginSubmission :text received from Logout button isLog Out
2020-07-10 14:57:27,470 :INFO :test_logoutSubmission :text received from Login button isLogin | Signup
2020-07-10 15:35:06,781 :INFO :test_SearchProducts :Product Link Test Found: Ambewela Fresh Milk - 1L
2020-07-10 15:35:06,802 :INFO :test_SearchProducts :Product Link Test Found: Anchor Full Cream Milk Powder - 1kg
2020-07-10 15:35:06,822 :INFO :test_SearchProducts :Product Link Test Found: Ariya Full Cream Milk Powder (Pouch) - 400g
2020-07-10 15:35:06,843 :INFO :test_SearchProducts :Product Link Test Found: Bonlac Skimmed Milk - 400g
2020-07-10 15:35:06,865 :INFO :test_SearchProducts :Product Link Test Found: Cerelac - Mixed Fruit with Milk - 250g
2020-07-10 15:35:06,886 :INFO :test_SearchProducts :Product Link Test Found: Cerelac - Red Rice with Milk - 250g
2020-07-10 15:35:06,907 :INFO :test_SearchProducts :Product Link Test Found: Highland Full Cream Milk Powder - 400g
2020-07-10 15:35:06,927 :INFO :test_SearchProducts :Product Link Test Found: Kotmale Full Cream Fresh Milk - 1L
2020-07-10 15:35:06,948 :INFO :test_SearchProducts :Product Link Test Found: LSL Full Cream Milk Powder - Welfare Pouch - 1Kg
2020-07-10 15:35:06,969 :INFO :test_SearchProducts :Product Link Test Found: LSL Full Cream Milk Powder Welfare Pouch - 400g
2020-07-10 15:35:06,989 :INFO :test_SearchProducts :Product Link Test Found: Lactogrow Growing Up Milk Formula - 350g
2020-07-10 15:35:07,010 :INFO :test_SearchProducts :Product Link Test Found: Maggi Coconut Milk Powder - 300g
2020-07-10 15:35:07,032 :INFO :test_SearchProducts :Product Link Test Found: Maliban Full Cream Milk Powder - Welfare Pack - 1kg
2020-07-10 15:35:07,053 :INFO :test_SearchProducts :Product Link Test Found: Maliban Full Cream Milk Powder -Welfare Pack - 400g
2020-07-10 15:35:07,075 :INFO :test_SearchProducts :Product Link Test Found: Marina Coconut Milk - 400ml
2020-07-10 15:35:07,393 :INFO :test_addToCart :Category 1 list Found : Baby Needs
2020-07-10 15:35:07,408 :INFO :test_addToCart :Category 1 list Found : Beverages
2020-07-10 15:35:07,425 :INFO :test_addToCart :Category 1 list Found : Biscuits & Snacks
2020-07-10 15:35:07,440 :INFO :test_addToCart :Category 1 list Found : Essentials
2020-07-10 15:35:07,457 :INFO :test_addToCart :Category 1 list Found : Milk Food
2020-07-10 15:35:07,474 :INFO :test_addToCart :Category 1 list Found : Household
2020-07-10 15:35:07,489 :INFO :test_addToCart :Category 1 list Found : Bakery
2020-07-10 15:35:07,506 :INFO :test_addToCart :Category 1 list Found : Frozen
2020-07-10 15:35:07,522 :INFO :test_addToCart :Category 1 list Found : Chilled
2020-07-10 15:35:07,538 :INFO :test_addToCart :Category 1 list Found : Groceries & Culinary
2020-07-10 15:35:07,553 :INFO :test_addToCart :Category 1 list Found : Personal & Health Care
2020-07-10 15:35:28,532 :INFO :test_loginSubmission :Email or Mobile no is0771395023
2020-07-10 15:35:28,678 :INFO :test_loginSubmission :Password isSnoopy@18
2020-07-10 15:35:29,544 :INFO :test_loginSubmission :text received from Logout button isLog Out
2020-07-10 15:35:35,910 :INFO :test_logoutSubmission :text received from Login button isLogin | Signup
2020-07-10 15:48:59,225 :INFO :test_SearchProducts :Product Link Test Found: Ambewela Fresh Milk - 1L
2020-07-10 15:48:59,247 :INFO :test_SearchProducts :Product Link Test Found: Anchor Full Cream Milk Powder - 1kg
2020-07-10 15:48:59,268 :INFO :test_SearchProducts :Product Link Test Found: Ariya Full Cream Milk Powder (Pouch) - 400g
2020-07-10 15:48:59,289 :INFO :test_SearchProducts :Product Link Test Found: Bonlac Skimmed Milk - 400g
2020-07-10 15:48:59,310 :INFO :test_SearchProducts :Product Link Test Found: Cerelac - Mixed Fruit with Milk - 250g
2020-07-10 15:48:59,331 :INFO :test_SearchProducts :Product Link Test Found: Cerelac - Red Rice with Milk - 250g
2020-07-10 15:48:59,352 :INFO :test_SearchProducts :Product Link Test Found: Highland Full Cream Milk Powder - 400g
2020-07-10 15:48:59,375 :INFO :test_SearchProducts :Product Link Test Found: Kotmale Full Cream Fresh Milk - 1L
2020-07-10 15:48:59,394 :INFO :test_SearchProducts :Product Link Test Found: LSL Full Cream Milk Powder - Welfare Pouch - 1Kg
2020-07-10 15:48:59,415 :INFO :test_SearchProducts :Product Link Test Found: LSL Full Cream Milk Powder Welfare Pouch - 400g
2020-07-10 15:48:59,434 :INFO :test_SearchProducts :Product Link Test Found: Lactogrow Growing Up Milk Formula - 350g
2020-07-10 15:48:59,454 :INFO :test_SearchProducts :Product Link Test Found: Maggi Coconut Milk Powder - 300g
2020-07-10 15:48:59,474 :INFO :test_SearchProducts :Product Link Test Found: Maliban Full Cream Milk Powder - Welfare Pack - 1kg
2020-07-10 15:48:59,494 :INFO :test_SearchProducts :Product Link Test Found: Maliban Full Cream Milk Powder -Welfare Pack - 400g
2020-07-10 15:48:59,515 :INFO :test_SearchProducts :Product Link Test Found: Marina Coconut Milk - 400ml
2020-07-10 15:48:59,830 :INFO :test_addToCart :Category 1 list Found : Baby Needs
2020-07-10 15:48:59,846 :INFO :test_addToCart :Category 1 list Found : Beverages
2020-07-10 15:48:59,863 :INFO :test_addToCart :Category 1 list Found : Biscuits & Snacks
2020-07-10 15:48:59,879 :INFO :test_addToCart :Category 1 list Found : Essentials
2020-07-10 15:48:59,898 :INFO :test_addToCart :Category 1 list Found : Milk Food
2020-07-10 15:48:59,915 :INFO :test_addToCart :Category 1 list Found : Household
2020-07-10 15:48:59,930 :INFO :test_addToCart :Category 1 list Found : Bakery
2020-07-10 15:48:59,948 :INFO :test_addToCart :Category 1 list Found : Frozen
2020-07-10 15:48:59,963 :INFO :test_addToCart :Category 1 list Found : Chilled
2020-07-10 15:48:59,980 :INFO :test_addToCart :Category 1 list Found : Groceries & Culinary
2020-07-10 15:48:59,996 :INFO :test_addToCart :Category 1 list Found : Personal & Health Care
2020-07-10 17:06:31,107 :INFO :test_SearchProducts :Product Link Test Found: Ambewela Fresh Milk - 1L
2020-07-10 17:06:31,128 :INFO :test_SearchProducts :Product Link Test Found: Anchor Full Cream Milk Powder - 1kg
2020-07-10 17:06:31,150 :INFO :test_SearchProducts :Product Link Test Found: Ariya Full Cream Milk Powder (Pouch) - 400g
2020-07-10 17:06:31,170 :INFO :test_SearchProducts :Product Link Test Found: Bonlac Skimmed Milk - 400g
2020-07-10 17:06:31,190 :INFO :test_SearchProducts :Product Link Test Found: Cerelac - Mixed Fruit with Milk - 250g
2020-07-10 17:06:31,213 :INFO :test_SearchProducts :Product Link Test Found: Cerelac - Red Rice with Milk - 250g
2020-07-10 17:06:31,236 :INFO :test_SearchProducts :Product Link Test Found: Highland Full Cream Milk Powder - 400g
2020-07-10 17:06:31,260 :INFO :test_SearchProducts :Product Link Test Found: Kotmale Full Cream Fresh Milk - 1L
2020-07-10 17:06:31,283 :INFO :test_SearchProducts :Product Link Test Found: LSL Full Cream Milk Powder - Welfare Pouch - 1Kg
2020-07-10 17:06:31,302 :INFO :test_SearchProducts :Product Link Test Found: LSL Full Cream Milk Powder Welfare Pouch - 400g
2020-07-10 17:06:31,322 :INFO :test_SearchProducts :Product Link Test Found: Lactogrow Growing Up Milk Formula - 350g
2020-07-10 17:06:31,341 :INFO :test_SearchProducts :Product Link Test Found: Maggi Coconut Milk Powder - 300g
2020-07-10 17:06:31,361 :INFO :test_SearchProducts :Product Link Test Found: Maliban Full Cream Milk Powder - Welfare Pack - 1kg
2020-07-10 17:06:31,380 :INFO :test_SearchProducts :Product Link Test Found: Maliban Full Cream Milk Powder -Welfare Pack - 400g
2020-07-10 17:06:31,400 :INFO :test_SearchProducts :Product Link Test Found: Marina Coconut Milk - 400ml
2020-07-10 17:06:31,714 :INFO :test_selectCategoryandSub :Level1 Category is : Baby Needs
2020-07-10 17:06:32,268 :INFO :test_selectCategoryandSub :Level2 Category is : BABY MILK POWDER
2020-07-10 17:07:13,989 :INFO :test_SearchProducts :Product Link Test Found: Ambewela Fresh Milk - 1L
2020-07-10 17:07:14,009 :INFO :test_SearchProducts :Product Link Test Found: Anchor Full Cream Milk Powder - 1kg
2020-07-10 17:07:14,029 :INFO :test_SearchProducts :Product Link Test Found: Ariya Full Cream Milk Powder (Pouch) - 400g
2020-07-10 17:07:14,049 :INFO :test_SearchProducts :Product Link Test Found: Bonlac Skimmed Milk - 400g
2020-07-10 17:07:14,069 :INFO :test_SearchProducts :Product Link Test Found: Cerelac - Mixed Fruit with Milk - 250g
2020-07-10 17:07:14,093 :INFO :test_SearchProducts :Product Link Test Found: Cerelac - Red Rice with Milk - 250g
2020-07-10 17:07:14,113 :INFO :test_SearchProducts :Product Link Test Found: Highland Full Cream Milk Powder - 400g
2020-07-10 17:07:14,133 :INFO :test_SearchProducts :Product Link Test Found: Kotmale Full Cream Fresh Milk - 1L
2020-07-10 17:07:14,152 :INFO :test_SearchProducts :Product Link Test Found: LSL Full Cream Milk Powder - Welfare Pouch - 1Kg
2020-07-10 17:07:14,172 :INFO :test_SearchProducts :Product Link Test Found: LSL Full Cream Milk Powder Welfare Pouch - 400g
2020-07-10 17:07:14,192 :INFO :test_SearchProducts :Product Link Test Found: Lactogrow Growing Up Milk Formula - 350g
2020-07-10 17:07:14,212 :INFO :test_SearchProducts :Product Link Test Found: Maggi Coconut Milk Powder - 300g
2020-07-10 17:07:14,234 :INFO :test_SearchProducts :Product Link Test Found: Maliban Full Cream Milk Powder - Welfare Pack - 1kg
2020-07-10 17:07:14,254 :INFO :test_SearchProducts :Product Link Test Found: Maliban Full Cream Milk Powder -Welfare Pack - 400g
2020-07-10 17:07:14,274 :INFO :test_SearchProducts :Product Link Test Found: Marina Coconut Milk - 400ml
2020-07-10 17:07:14,591 :INFO :test_selectCategoryandSub :Level1 Category is : Baby Needs
2020-07-10 17:07:15,146 :INFO :test_selectCategoryandSub :Level2 Category is : BABY MILK POWDER
2020-07-10 17:07:28,528 :INFO :test_loginSubmission :Email or Mobile no is0771395023
2020-07-10 17:07:28,642 :INFO :test_loginSubmission :Password isSnoopy@18
2020-07-10 17:07:29,329 :INFO :test_loginSubmission :text received from Logout button isLog Out
2020-07-10 17:07:40,341 :INFO :test_logoutSubmission :text received from Login button isLogin | Signup
2020-07-10 17:23:01,477 :INFO :test_SearchProducts :Product Link Test Found: Ambewela Fresh Milk - 1L
2020-07-10 17:23:01,498 :INFO :test_SearchProducts :Product Link Test Found: Anchor Full Cream Milk Powder - 1kg
2020-07-10 17:23:01,520 :INFO :test_SearchProducts :Product Link Test Found: Ariya Full Cream Milk Powder (Pouch) - 400g
2020-07-10 17:23:01,547 :INFO :test_SearchProducts :Product Link Test Found: Bonlac Skimmed Milk - 400g
2020-07-10 17:23:01,569 :INFO :test_SearchProducts :Product Link Test Found: Cerelac - Mixed Fruit with Milk - 250g
2020-07-10 17:23:01,590 :INFO :test_SearchProducts :Product Link Test Found: Cerelac - Red Rice with Milk - 250g
2020-07-10 17:23:01,613 :INFO :test_SearchProducts :Product Link Test Found: Highland Full Cream Milk Powder - 400g
2020-07-10 17:23:01,634 :INFO :test_SearchProducts :Product Link Test Found: Kotmale Full Cream Fresh Milk - 1L
2020-07-10 17:23:01,654 :INFO :test_SearchProducts :Product Link Test Found: LSL Full Cream Milk Powder - Welfare Pouch - 1Kg
2020-07-10 17:23:01,675 :INFO :test_SearchProducts :Product Link Test Found: LSL Full Cream Milk Powder Welfare Pouch - 400g
2020-07-10 17:23:01,696 :INFO :test_SearchProducts :Product Link Test Found: Lactogrow Growing Up Milk Formula - 350g
2020-07-10 17:23:01,716 :INFO :test_SearchProducts :Product Link Test Found: Maggi Coconut Milk Powder - 300g
2020-07-10 17:23:01,738 :INFO :test_SearchProducts :Product Link Test Found: Maliban Full Cream Milk Powder - Welfare Pack - 1kg
2020-07-10 17:23:01,759 :INFO :test_SearchProducts :Product Link Test Found: Maliban Full Cream Milk Powder -Welfare Pack - 400g
2020-07-10 17:23:01,779 :INFO :test_SearchProducts :Product Link Test Found: Marina Coconut Milk - 400ml
2020-07-10 17:23:02,100 :INFO :test_selectCategoryandSub :Level1 Category is : Baby Needs
2020-07-10 17:23:02,658 :INFO :test_selectCategoryandSub :Level2 Category is : BABY MILK POWDER
2020-07-10 17:23:22,095 :INFO :test_loginSubmission :Email or Mobile no is0771395023
2020-07-10 17:23:22,230 :INFO :test_loginSubmission :Password isSnoopy@18
2020-07-10 17:23:23,007 :INFO :test_loginSubmission :text received from Logout button isLog Out
2020-07-10 17:23:31,525 :INFO :test_logoutSubmission :text received from Login button isLogin | Signup
2020-07-14 10:31:39,173 :INFO :test_SearchProducts :Product Link Test Found: Ambewela Fresh Milk - 1L
2020-07-14 10:31:39,243 :INFO :test_SearchProducts :Product Link Test Found: Anchor Full Cream Milk Powder - 1kg
2020-07-14 10:31:39,264 :INFO :test_SearchProducts :Product Link Test Found: Ariya Full Cream Milk Powder (Pouch) - 400g
2020-07-14 10:31:39,270 :INFO :test_SearchProducts :Product Link Test Found: Bonlac Skimmed Milk - 400g
2020-07-14 10:31:39,302 :INFO :test_SearchProducts :Product Link Test Found: Cerelac - Mixed Fruit with Milk - 250g
2020-07-14 10:31:39,328 :INFO :test_SearchProducts :Product Link Test Found: Cerelac - Red Rice with Milk - 250g
2020-07-14 10:31:39,352 :INFO :test_SearchProducts :Product Link Test Found: Highland Full Cream Milk Powder - 400g
2020-07-14 10:31:39,368 :INFO :test_SearchProducts :Product Link Test Found: Kotmale Full Cream Fresh Milk - 1L
2020-07-14 10:31:39,383 :INFO :test_SearchProducts :Product Link Test Found: LSL Full Cream Milk Powder - Welfare Pouch - 1Kg
2020-07-14 10:31:39,415 :INFO :test_SearchProducts :Product Link Test Found: LSL Full Cream Milk Powder Welfare Pouch - 400g
2020-07-14 10:31:39,430 :INFO :test_SearchProducts :Product Link Test Found: Lactogrow Growing Up Milk Formula - 350g
2020-07-14 10:31:39,461 :INFO :test_SearchProducts :Product Link Test Found: Maggi Coconut Milk Powder - 300g
2020-07-14 10:31:39,477 :INFO :test_SearchProducts :Product Link Test Found: Maliban Full Cream Milk Powder - Welfare Pack - 1kg
2020-07-14 10:31:39,493 :INFO :test_SearchProducts :Product Link Test Found: Maliban Full Cream Milk Powder -Welfare Pack - 400g
2020-07-14 10:31:39,524 :INFO :test_SearchProducts :Product Link Test Found: Marina Coconut Milk - 400ml
2020-07-14 10:31:39,850 :INFO :test_addToCart :Level1 Category is : Baby Needs
2020-07-14 10:31:40,421 :INFO :test_addToCart :Level2 Category is : BABY MILK POWDER
2020-07-14 10:31:58,789 :INFO :test_loginSubmission :Email or Mobile no is0771395023
2020-07-14 10:31:58,930 :INFO :test_loginSubmission :Password isSnoopy@18
2020-07-14 10:31:59,957 :INFO :test_loginSubmission :text received from Logout button isLog Out
2020-07-14 10:32:07,078 :INFO :test_logoutSubmission :text received from Login button isLogin | Signup
